
> frontend@0.1.0 build
> next build

⚠ Warning: Next.js inferred your workspace root, but it may not be correct.
 We detected multiple lockfiles and selected the directory of C:\Users\boddu\OneDrive\Desktop\package-lock.json as the root directory.
 To silence this warning, set `turbopack.root` in your Next.js config, or consider removing one of the lockfiles if it's not needed.
   See https://nextjs.org/docs/app/api-reference/config/next-config-js/turbopack#root-directory for more information.
 Detected additional lockfiles: 
   * C:\Users\boddu\OneDrive\Desktop\appscrip\frontend\package-lock.json

▲ Next.js 16.2.1 (Turbopack)

  Creating an optimized production build ...

> Build error occurred
Error: Turbopack build failed with 3 errors:
./appscrip/frontend/src/components/Footer.tsx:3:1
Export Instagram doesn't exist in target module
  [90m1 |[0m [36mimport[0m [33mReact[0m [36mfrom[0m [32m'react'[0m;
  [90m2 |[0m [36mimport[0m [33mLink[0m [36mfrom[0m [32m'next/link'[0m;
[31m[1m>[0m [90m3 |[0m [36mimport[0m { [33mInstagram[0m, [33mLinkedin[0m, [33mTwitter[0m } [36mfrom[0m [32m'lucide-react'[0m;
  [90m  |[0m [31m[1m^^^^^^^^^^^^^^^^^^^^^^^^^^^^^^^^^^^^^^^^^^^^^^^^^^^^^^^^^^^^[0m
  [90m4 |[0m
  [90m5 |[0m [36mexport[0m [36mdefault[0m [36mfunction[0m [33mFooter[0m() {
  [90m6 |[0m   [36mreturn[0m (

The export Instagram was not found in module [project]/node_modules/lucide-react/dist/esm/lucide-react.js [app-rsc] (ecmascript).
Did you mean to import Star?
All exports of the module are statically known (It doesn't have dynamic exports). So it's known statically that the requested export doesn't exist.

Import trace:
  Server Component:
    ./appscrip/frontend/src/components/Footer.tsx
    ./appscrip/frontend/src/app/page.tsx


./appscrip/frontend/src/components/Footer.tsx:3:1
Export Linkedin doesn't exist in target module
  [90m1 |[0m [36mimport[0m [33mReact[0m [36mfrom[0m [32m'react'[0m;
  [90m2 |[0m [36mimport[0m [33mLink[0m [36mfrom[0m [32m'next/link'[0m;
[31m[1m>[0m [90m3 |[0m [36mimport[0m { [33mInstagram[0m, [33mLinkedin[0m, [33mTwitter[0m } [36mfrom[0m [32m'lucide-react'[0m;
  [90m  |[0m [31m[1m^^^^^^^^^^^^^^^^^^^^^^^^^^^^^^^^^^^^^^^^^^^^^^^^^^^^^^^^^^^^[0m
  [90m4 |[0m
  [90m5 |[0m [36mexport[0m [36mdefault[0m [36mfunction[0m [33mFooter[0m() {
  [90m6 |[0m   [36mreturn[0m (

The export Linkedin was not found in module [project]/node_modules/lucide-react/dist/esm/lucide-react.js [app-rsc] (ecmascript).
Did you mean to import Link?
All exports of the module are statically known (It doesn't have dynamic exports). So it's known statically that the requested export doesn't exist.

Import trace:
  Server Component:
    ./appscrip/frontend/src/components/Footer.tsx
    ./appscrip/frontend/src/app/page.tsx


./appscrip/frontend/src/components/Footer.tsx:3:1
Export Twitter doesn't exist in target module
  [90m1 |[0m [36mimport[0m [33mReact[0m [36mfrom[0m [32m'react'[0m;
  [90m2 |[0m [36mimport[0m [33mLink[0m [36mfrom[0m [32m'next/link'[0m;
[31m[1m>[0m [90m3 |[0m [36mimport[0m { [33mInstagram[0m, [33mLinkedin[0m, [33mTwitter[0m } [36mfrom[0m [32m'lucide-react'[0m;
  [90m  |[0m [31m[1m^^^^^^^^^^^^^^^^^^^^^^^^^^^^^^^^^^^^^^^^^^^^^^^^^^^^^^^^^^^^[0m
  [90m4 |[0m
  [90m5 |[0m [36mexport[0m [36mdefault[0m [36mfunction[0m [33mFooter[0m() {
  [90m6 |[0m   [36mreturn[0m (

The export Twitter was not found in module [project]/node_modules/lucide-react/dist/esm/lucide-react.js [app-rsc] (ecmascript).
Did you mean to import Timer?
All exports of the module are statically known (It doesn't have dynamic exports). So it's known statically that the requested export doesn't exist.

Import trace:
  Server Component:
    ./appscrip/frontend/src/components/Footer.tsx
    ./appscrip/frontend/src/app/page.tsx


    at <unknown> (./appscrip/frontend/src/components/Footer.tsx:3:1)
    at <unknown> (./appscrip/frontend/src/components/Footer.tsx:3:1)
    at <unknown> (./appscrip/frontend/src/components/Footer.tsx:3:1)
